Watching for file changes with StatReloader
/home/agastya/onyx-project/Aftercare/aftercare_backend/aftercare_backend/settings.py changed, reloading.
Watching for file changes with StatReloader
Watching for file changes with StatReloader
Not Found: /api/auth/login
"POST /api/auth/login HTTP/1.1" 404 2229
Not Found: /api/auth/login
"POST /api/auth/login HTTP/1.1" 404 2229
C:\Users\megha\OneDrive\Desktop\Project\Aftercare-1\aftercare_backend\aftercare_backend\urls.py changed, reloading.
Watching for file changes with StatReloader
C:\Users\megha\OneDrive\Desktop\Project\Aftercare-1\aftercare_backend\aftercare_backend\urls.py changed, reloading.
Watching for file changes with StatReloader
C:\Users\megha\OneDrive\Desktop\Project\Aftercare-1\aftercare_backend\aftercare_backend\urls.py changed, reloading.
Watching for file changes with StatReloader
C:\Users\megha\OneDrive\Desktop\Project\Aftercare-1\aftercare_backend\aftercare_backend\urls.py changed, reloading.
Watching for file changes with StatReloader
C:\Users\megha\OneDrive\Desktop\Project\Aftercare-1\aftercare_backend\aftercare_backend\urls.py changed, reloading.
Watching for file changes with StatReloader
C:\Users\megha\OneDrive\Desktop\Project\Aftercare-1\aftercare_backend\aftercare_backend\urls.py changed, reloading.
Watching for file changes with StatReloader
C:\Users\megha\OneDrive\Desktop\Project\Aftercare-1\aftercare_backend\aftercare_backend\urls.py changed, reloading.
Watching for file changes with StatReloader
C:\Users\megha\OneDrive\Desktop\Project\Aftercare-1\aftercare_backend\aftercare_backend\urls.py changed, reloading.
Watching for file changes with StatReloader
C:\Users\megha\OneDrive\Desktop\Project\Aftercare-1\aftercare_backend\aftercare_app\urls.py changed, reloading.
Watching for file changes with StatReloader
C:\Users\megha\OneDrive\Desktop\Project\Aftercare-1\aftercare_backend\aftercare_app\urls.py changed, reloading.
Watching for file changes with StatReloader
Watching for file changes with StatReloader
Watching for file changes with StatReloader
"POST /api/auth/login HTTP/1.1" 200 308
